--> 1. -> 1.1. open_application.open_application_url(parameters)
--> 1. -> 1.1. login.verify_view()
--> 1.1. -> 1.1.1. login.click_register()
--> 1.1. -> 1.1.1. register.verify_view()
--> 1.1.1. -> 1.1. register.register(parameters)
--> 1. -> 1.1. open_application.open_application_url(parameters)
--> 1. -> 1.1. login.verify_view()
--> 1.1. -> 1.1.2. login.sign_in(parameters)
--> 1.1. -> 1.1.2. workspace.verify_view()
--> 1.1.2. -> 1.1.2.1. workspace.create_board()
--> 1.1.2. -> 1.1.2.1. create_board.verify_view()
--> 1.1.2.1. -> 1.1.2.__1 create_board.create(parameters)
--> 1.1.2. -> 1.1.2.2. workspace.edit_board(parameters)
--> 1.1.2. -> 1.1.2.2. edit_board.verify_view()
--> 1.1.2.2. -> 1.1.2.__1 edit_board.edit(parameters)
--> EXCEPTION: Element {By: 'xpath', value: '//BODY/DIV[4]/DIV[1]/DIV[1]/DIV[5]/DIV[1]/DIV[1]/DIV[2]/BUTTON[1]'} is not visible for 20 seconds
Traceback (most recent call last):
  File "model_graph_runner.py", line 424, in webframework.extension.model_graph_runner.model_graph_runner.ModelGraphRunner._run_method (webframework\extension\model_graph_runner\model_graph_runner.c:7180)
  File "C:\Users\g2516\Desktop\Tests\Contriboard\pagemodel\edit_board.py", line 31, in edit
    self.click(self.SAVE_BUTTON)
  File "C:\Python27\Lib\site-packages\ixonos-visual-test\webframework\extension\util\common_utils.py", line 122, in click
    self.wait_for_visible(element)
  File "C:\Python27\Lib\site-packages\ixonos-visual-test\webframework\extension\util\common_utils.py", line 211, in wait_for_visible
    CommonMethodsHelpers.webdriver_wait(lambda driver: self.is_visible(element), msg, timeout)
  File "common_methods_helpers.py", line 28, in webframework.extension.util.common_methods_helpers.CommonMethodsHelpers.webdriver_wait (webframework\extension\util\common_methods_helpers.c:1188)
AssertionError: Element {By: 'xpath', value: '//BODY/DIV[4]/DIV[1]/DIV[1]/DIV[5]/DIV[1]/DIV[1]/DIV[2]/BUTTON[1]'} is not visible for 20 seconds
